<?xml version="1.0" encoding="UTF-8"?>
<!-- Generated by org.testng.reporters.JUnitReportReporter -->
<testsuite hostname="LIN66014666" failures="0" tests="1" name="GFG_MavenGFG_MAven.AppTest" time="0.002" errors="0" timestamp="2022-08-08T11:24:17 IST" skipped="0">
  <testcase classname="GFG_MavenGFG_MAven.AppTest" name="testApp" time="0.002"/>
  <system-out/>
</testsuite> <!-- GFG_MavenGFG_MAven.AppTest -->
